<?xml version="1.0" encoding="UTF-8"?>
<!-- Generated by org.testng.reporters.JUnitReportReporter -->
<testsuite hostname="tvisha" failures="0" tests="1" name="com.TestScripts.Pages.Loginpage" time="43.899" errors="0" timestamp="2024-02-21T11:32:16 IST" skipped="0">
  <testcase classname="com.TestScripts.Pages.Loginpage" name="BestDalsandOffers" time="43.899"/>
  <system-out/>
</testsuite> <!-- com.TestScripts.Pages.Loginpage -->
